TN:
SF:bin/egg.js
FN:15,(anonymous_0)
FN:40,(anonymous_1)
FNF:2
FNH:2
FNDA:6,(anonymous_0)
FNDA:1,(anonymous_1)
DA:2,1
DA:3,1
DA:4,1
DA:5,1
DA:6,1
DA:7,1
DA:15,1
DA:16,6
DA:30,6
DA:31,6
DA:34,1
DA:41,1
DA:42,0
DA:43,0
DA:44,0
DA:46,1
DA:47,0
DA:50,1
DA:53,1
DA:56,1
LF:20
LH:16
BRDA:41,0,0,0
BRDA:41,0,1,1
BRDA:41,1,0,1
BRDA:41,1,1,0
BRDA:46,2,0,0
BRDA:46,2,1,1
BRF:6
BRH:3
end_of_record
TN:
SF:lib/ast.js
FN:2,(anonymous_0)
FN:9,(anonymous_1)
FN:13,(anonymous_2)
FN:17,(anonymous_3)
FN:21,(anonymous_4)
FN:25,(anonymous_5)
FN:35,(anonymous_6)
FN:40,(anonymous_7)
FN:48,(anonymous_8)
FN:52,(anonymous_9)
FN:62,(anonymous_10)
FN:71,(anonymous_11)
FN:77,(anonymous_12)
FN:84,(anonymous_13)
FN:94,(anonymous_14)
FN:103,(anonymous_15)
FN:113,(anonymous_16)
FN:124,(anonymous_17)
FN:136,(anonymous_18)
FN:141,(anonymous_19)
FN:149,(anonymous_20)
FN:155,(anonymous_21)
FN:164,(anonymous_22)
FN:171,(anonymous_23)
FN:182,(anonymous_24)
FN:188,(anonymous_25)
FN:195,(anonymous_26)
FN:199,(anonymous_27)
FN:201,(anonymous_28)
FNF:29
FNH:23
FNDA:0,(anonymous_0)
FNDA:431,(anonymous_1)
FNDA:371,(anonymous_2)
FNDA:0,(anonymous_3)
FNDA:31,(anonymous_4)
FNDA:26,(anonymous_5)
FNDA:762,(anonymous_6)
FNDA:439,(anonymous_7)
FNDA:0,(anonymous_8)
FNDA:16,(anonymous_9)
FNDA:28,(anonymous_10)
FNDA:537,(anonymous_11)
FNDA:485,(anonymous_12)
FNDA:401,(anonymous_13)
FNDA:0,(anonymous_14)
FNDA:44,(anonymous_15)
FNDA:1,(anonymous_16)
FNDA:0,(anonymous_17)
FNDA:0,(anonymous_18)
FNDA:2,(anonymous_19)
FNDA:143,(anonymous_20)
FNDA:109,(anonymous_21)
FNDA:105,(anonymous_22)
FNDA:98,(anonymous_23)
FNDA:6,(anonymous_24)
FNDA:24,(anonymous_25)
FNDA:26,(anonymous_26)
FNDA:10,(anonymous_27)
FNDA:10,(anonymous_28)
DA:1,1
DA:2,1
DA:4,1
DA:5,1
DA:6,1
DA:10,431
DA:11,431
DA:14,371
DA:18,0
DA:22,31
DA:26,26
DA:27,16
DA:29,10
DA:36,762
DA:37,762
DA:41,439
DA:42,439
DA:44,0
DA:49,0
DA:53,16
DA:54,16
DA:55,22
DA:56,16
DA:59,0
DA:63,28
DA:64,28
DA:65,28
DA:72,537
DA:73,537
DA:74,537
DA:78,485
DA:79,207
DA:82,278
DA:83,278
DA:84,401
DA:85,277
DA:86,277
DA:90,1
DA:100,0
DA:104,44
DA:106,40
DA:107,39
DA:110,1
DA:112,1
DA:113,1
DA:114,1
DA:117,0
DA:118,0
DA:119,0
DA:120,0
DA:121,0
DA:123,0
DA:124,0
DA:125,0
DA:129,0
DA:131,0
DA:132,0
DA:135,4
DA:136,0
DA:137,0
DA:139,4
DA:140,4
DA:141,4
DA:142,4
DA:150,143
DA:151,143
DA:152,143
DA:156,109
DA:158,4
DA:159,4
DA:160,4
DA:163,105
DA:164,105
DA:165,105
DA:167,105
DA:170,98
DA:171,98
DA:172,98
DA:173,98
DA:174,98
DA:175,98
DA:176,54
DA:179,98
DA:180,7
DA:182,6
DA:184,1
DA:191,24
DA:192,24
DA:193,0
DA:195,26
DA:196,24
DA:200,10
DA:201,10
DA:205,1
LF:94
LH:75
BRDA:26,0,0,16
BRDA:26,0,1,10
BRDA:36,1,0,762
BRDA:36,1,1,0
BRDA:41,2,0,439
BRDA:41,2,1,0
BRDA:55,3,0,16
BRDA:55,3,1,6
BRDA:78,4,0,207
BRDA:78,4,1,278
BRDA:78,5,0,485
BRDA:78,5,1,433
BRDA:85,6,0,277
BRDA:85,6,1,0
BRDA:104,7,0,40
BRDA:104,7,1,4
BRDA:106,8,0,39
BRDA:106,8,1,1
BRDA:112,9,0,1
BRDA:112,9,1,0
BRDA:112,10,0,1
BRDA:112,10,1,1
BRDA:117,11,0,0
BRDA:117,11,1,0
BRDA:117,12,0,0
BRDA:117,12,1,0
BRDA:118,13,0,0
BRDA:118,13,1,0
BRDA:135,14,0,0
BRDA:135,14,1,4
BRDA:139,15,0,4
BRDA:139,15,1,0
BRDA:156,16,0,4
BRDA:156,16,1,105
BRDA:156,17,0,109
BRDA:156,17,1,86
BRDA:167,18,0,98
BRDA:167,18,1,7
BRDA:167,19,0,105
BRDA:167,19,1,17
BRDA:175,20,0,54
BRDA:175,20,1,44
BRDA:180,21,0,6
BRDA:180,21,1,1
BRDA:192,22,0,0
BRDA:192,22,1,24
BRDA:200,23,0,4
BRDA:200,23,1,6
BRF:48
BRH:35
end_of_record
TN:
SF:lib/egg-require.js
FN:2,(anonymous_0)
FN:4,(anonymous_1)
FN:13,REQUIRE
FNF:3
FNH:2
FNDA:1,(anonymous_0)
FNDA:0,(anonymous_1)
FNDA:2,REQUIRE
DA:1,1
DA:2,1
DA:3,1
DA:4,1
DA:5,1
DA:6,1
DA:7,1
DA:9,1
DA:10,1
DA:14,2
DA:15,2
DA:16,1
DA:19,1
DA:20,1
DA:21,1
DA:22,1
DA:23,1
DA:24,1
DA:25,1
DA:27,1
DA:29,1
DA:31,1
LF:22
LH:22
BRDA:15,0,0,1
BRDA:15,0,1,1
BRF:2
BRH:2
end_of_record
TN:
SF:lib/eggvm.js
FN:2,(anonymous_0)
FN:17,evaluate
FN:21,(anonymous_2)
FN:33,(anonymous_3)
FN:44,(anonymous_4)
FN:47,(anonymous_5)
FN:54,(anonymous_6)
FN:64,(anonymous_7)
FN:69,name
FN:80,(anonymous_9)
FN:97,(anonymous_10)
FN:119,(anonymous_11)
FN:138,(anonymous_12)
FN:146,(anonymous_13)
FN:167,(anonymous_14)
FN:183,(anonymous_15)
FN:195,(anonymous_16)
FN:199,(anonymous_17)
FN:200,(anonymous_18)
FN:214,(anonymous_19)
FN:219,(anonymous_20)
FN:223,(anonymous_21)
FN:236,(anonymous_22)
FN:247,(anonymous_23)
FN:258,(anonymous_24)
FN:277,run
FN:284,runFromFile
FN:298,runFromEVM
FN:311,compileToJS
FN:313,(anonymous_29)
FN:319,(anonymous_30)
FNF:31
FNH:23
FNDA:0,(anonymous_0)
FNDA:0,evaluate
FNDA:2,(anonymous_2)
FNDA:1,(anonymous_3)
FNDA:59,(anonymous_4)
FNDA:227,(anonymous_5)
FNDA:64,(anonymous_6)
FNDA:28,(anonymous_7)
FNDA:13,name
FNDA:34,(anonymous_9)
FNDA:40,(anonymous_10)
FNDA:7,(anonymous_11)
FNDA:4,(anonymous_12)
FNDA:0,(anonymous_13)
FNDA:0,(anonymous_14)
FNDA:5,(anonymous_15)
FNDA:5,(anonymous_16)
FNDA:125,(anonymous_17)
FNDA:125,(anonymous_18)
FNDA:21,(anonymous_19)
FNDA:5,(anonymous_20)
FNDA:11,(anonymous_21)
FNDA:0,(anonymous_22)
FNDA:0,(anonymous_23)
FNDA:19,(anonymous_24)
FNDA:51,run
FNDA:0,runFromFile
FNDA:0,runFromEVM
FNDA:6,compileToJS
FNDA:216,(anonymous_29)
FNDA:6,(anonymous_30)
DA:1,1
DA:2,1
DA:3,1
DA:5,1
DA:6,1
DA:7,1
DA:8,1
DA:10,1
DA:11,1
DA:13,1
DA:14,1
DA:18,0
DA:21,1
DA:22,2
DA:23,0
DA:26,2
DA:27,2
DA:29,0
DA:33,1
DA:34,1
DA:35,1
DA:36,1
DA:38,1
DA:39,4
DA:41,1
DA:44,1
DA:47,59
DA:48,227
DA:51,58
DA:54,1
DA:55,64
DA:56,0
DA:59,64
DA:60,64
DA:61,64
DA:64,1
DA:65,28
DA:66,0
DA:70,13
DA:71,0
DA:74,13
DA:77,28
DA:78,28
DA:80,28
DA:81,34
DA:82,0
DA:85,34
DA:86,34
DA:87,15
DA:90,34
DA:92,28
DA:93,28
DA:94,28
DA:97,1
DA:98,40
DA:99,0
DA:102,40
DA:103,40
DA:105,40
DA:106,40
DA:108,40
DA:109,40
DA:110,2
DA:111,2
DA:113,40
DA:114,40
DA:116,40
DA:119,1
DA:120,7
DA:121,0
DA:124,7
DA:125,7
DA:126,7
DA:130,7
DA:131,27
DA:132,27
DA:133,27
DA:135,7
DA:138,1
DA:139,4
DA:140,0
DA:142,4
DA:143,4
DA:146,1
DA:147,0
DA:150,1
DA:152,1
DA:153,1
DA:154,1
DA:155,1
DA:157,1
DA:158,1
DA:159,1
DA:160,1
DA:161,1
DA:162,1
DA:163,1
DA:164,1
DA:167,1
DA:168,1
DA:171,1
DA:174,1
DA:177,1
DA:185,5
DA:189,1
DA:196,5
DA:199,1
DA:200,125
DA:201,125
DA:202,114
DA:203,3
DA:204,3
DA:206,111
DA:207,111
DA:210,125
DA:211,125
DA:214,1
DA:216,21
DA:219,1
DA:220,5
DA:223,1
DA:224,11
DA:225,11
DA:226,11
DA:227,11
DA:228,16
DA:230,11
DA:233,1
DA:234,1
DA:236,1
DA:237,0
DA:238,0
DA:240,0
DA:241,0
DA:244,0
DA:247,1
DA:248,0
DA:249,0
DA:251,0
DA:252,0
DA:255,0
DA:258,1
DA:259,19
DA:261,19
DA:262,19
DA:263,19
DA:264,21
DA:265,21
DA:267,19
DA:268,0
DA:270,19
DA:273,0
DA:278,51
DA:279,51
DA:280,51
DA:281,51
DA:285,0
DA:286,0
DA:287,0
DA:288,0
DA:289,0
DA:291,0
DA:294,0
DA:299,0
DA:300,0
DA:301,0
DA:302,0
DA:303,0
DA:304,0
DA:307,0
DA:312,6
DA:313,6
DA:314,216
DA:317,6
DA:319,6
DA:323,6
DA:324,6
DA:325,6
DA:326,6
DA:327,6
DA:328,6
DA:331,0
DA:332,0
DA:335,1
LF:184
LH:145
BRDA:22,0,0,0
BRDA:22,0,1,2
BRDA:26,1,0,2
BRDA:26,1,1,0
BRDA:34,2,0,0
BRDA:34,2,1,1
BRDA:55,3,0,0
BRDA:55,3,1,64
BRDA:55,4,0,64
BRDA:55,4,1,64
BRDA:65,5,0,0
BRDA:65,5,1,28
BRDA:70,6,0,0
BRDA:70,6,1,13
BRDA:81,7,0,0
BRDA:81,7,1,34
BRDA:98,8,0,0
BRDA:98,8,1,40
BRDA:120,9,0,0
BRDA:120,9,1,7
BRDA:131,10,0,27
BRDA:131,10,1,0
BRDA:139,11,0,0
BRDA:139,11,1,4
BRDA:201,12,0,11
BRDA:201,12,1,114
BRDA:202,13,0,3
BRDA:202,13,1,111
BRDA:206,14,0,0
BRDA:206,14,1,111
BRDA:211,15,0,125
BRDA:211,15,1,0
BRDA:224,16,0,0
BRDA:224,16,1,11
BRDA:237,17,0,0
BRDA:237,17,1,0
BRDA:248,18,0,0
BRDA:248,18,1,0
BRDA:259,19,0,0
BRDA:259,19,1,19
BRDA:264,20,0,0
BRDA:264,20,1,21
BRDA:267,21,0,0
BRDA:267,21,1,19
BRDA:267,22,0,19
BRDA:267,22,1,19
BRDA:319,23,0,5
BRDA:319,23,1,1
BRF:48
BRH:27
end_of_record
TN:
SF:lib/j2a.js
FN:4,(anonymous_0)
FN:11,(anonymous_1)
FN:12,(anonymous_2)
FN:13,(anonymous_3)
FN:22,(anonymous_4)
FNF:5
FNH:5
FNDA:431,(anonymous_0)
FNDA:762,(anonymous_1)
FNDA:505,(anonymous_2)
FNDA:989,(anonymous_3)
FNDA:143,(anonymous_4)
DA:1,1
DA:2,1
DA:4,1
DA:5,431
DA:6,431
DA:7,6
DA:9,431
DA:11,762
DA:12,1
DA:13,989
DA:14,505
DA:15,505
DA:16,505
DA:17,505
DA:18,505
DA:19,505
DA:22,1
DA:23,143
DA:28,143
DA:29,143
DA:32,1
LF:21
LH:21
BRDA:6,0,0,6
BRDA:6,0,1,425
BRF:2
BRH:2
end_of_record
TN:
SF:lib/monkey-patch.js
FN:4,(anonymous_0)
FN:5,(anonymous_1)
FN:6,(anonymous_2)
FN:7,(anonymous_3)
FN:10,(anonymous_4)
FN:11,(anonymous_5)
FNF:6
FNH:6
FNDA:5,(anonymous_0)
FNDA:2,(anonymous_1)
FNDA:2,(anonymous_2)
FNDA:2,(anonymous_3)
FNDA:4,(anonymous_4)
FNDA:5,(anonymous_5)
DA:1,1
DA:3,1
DA:4,5
DA:5,2
DA:6,2
DA:7,2
DA:10,1
DA:11,4
DA:12,5
DA:13,5
DA:14,5
DA:15,11
DA:17,5
DA:19,0
LF:14
LH:13
BRF:0
BRH:0
end_of_record
TN:
SF:lib/registry.js
FN:2,(anonymous_0)
FN:8,json2AST
FN:16,checkNegativeIndex
FNF:3
FNH:2
FNDA:0,(anonymous_0)
FNDA:1835,json2AST
FNDA:245,checkNegativeIndex
DA:1,1
DA:2,1
DA:3,1
DA:4,1
DA:7,1
DA:9,1835
DA:10,1835
DA:11,1835
DA:13,0
DA:17,245
DA:18,1
DA:20,245
DA:23,1
LF:13
LH:12
BRDA:9,0,0,1835
BRDA:9,0,1,0
BRDA:9,1,0,1835
BRDA:9,1,1,1835
BRDA:9,1,2,1835
BRDA:17,2,0,1
BRDA:17,2,1,244
BRDA:17,3,0,245
BRDA:17,3,1,38
BRF:9
BRH:8
end_of_record
TN:
SF:lib/runtime-support.js
FN:2,(anonymous_0)
FNF:1
FNH:1
FNDA:11,(anonymous_0)
DA:1,1
DA:3,11
DA:4,11
DA:8,1
LF:4
LH:4
BRF:0
BRH:0
end_of_record
TN:
SF:lib/scope.js
FN:1,setAsUsed
FN:9,setAsDeclared
FN:17,checkDeclarationsIn
FN:18,(anonymous_3)
FNF:4
FNH:4
FNDA:32,setAsUsed
FNDA:8,setAsDeclared
FNDA:6,checkDeclarationsIn
FNDA:7,(anonymous_3)
DA:2,32
DA:3,11
DA:5,32
DA:6,32
DA:10,8
DA:11,0
DA:13,8
DA:14,8
DA:18,6
DA:19,7
DA:21,0
DA:28,1
LF:12
LH:10
BRDA:2,0,0,11
BRDA:2,0,1,21
BRDA:10,1,0,0
BRDA:10,1,1,8
BRDA:19,2,0,0
BRDA:19,2,1,7
BRDA:21,3,0,0
BRDA:21,3,1,0
BRF:8
BRH:4
end_of_record
TN:
SF:lib/translations.js
FN:6,(anonymous_0)
FN:7,(anonymous_1)
FN:8,(anonymous_2)
FN:13,(anonymous_3)
FN:14,(anonymous_4)
FN:18,(anonymous_5)
FN:19,(anonymous_6)
FN:21,(anonymous_7)
FN:31,(anonymous_8)
FN:35,(anonymous_9)
FN:41,(anonymous_10)
FN:45,(anonymous_11)
FN:52,(anonymous_12)
FN:56,(anonymous_13)
FN:62,(anonymous_14)
FN:66,(anonymous_15)
FN:76,(anonymous_16)
FN:80,(anonymous_17)
FN:84,(anonymous_18)
FN:89,(anonymous_19)
FN:93,(anonymous_20)
FNF:21
FNH:17
FNDA:9,(anonymous_0)
FNDA:5,(anonymous_1)
FNDA:10,(anonymous_2)
FNDA:11,(anonymous_3)
FNDA:11,(anonymous_4)
FNDA:5,(anonymous_5)
FNDA:20,(anonymous_6)
FNDA:5,(anonymous_7)
FNDA:4,(anonymous_8)
FNDA:2,(anonymous_9)
FNDA:4,(anonymous_10)
FNDA:8,(anonymous_11)
FNDA:8,(anonymous_12)
FNDA:16,(anonymous_13)
FNDA:0,(anonymous_14)
FNDA:0,(anonymous_15)
FNDA:0,(anonymous_16)
FNDA:1,(anonymous_17)
FNDA:3,(anonymous_18)
FNDA:0,(anonymous_19)
FNDA:1,(anonymous_20)
DA:1,1
DA:3,1
DA:6,1
DA:7,9
DA:8,10
DA:9,5
DA:13,1
DA:14,11
DA:15,11
DA:18,1
DA:19,20
DA:20,5
DA:21,5
DA:22,5
DA:27,5
DA:28,5
DA:31,1
DA:32,4
DA:33,4
DA:35,4
DA:36,4
DA:41,1
DA:42,4
DA:43,0
DA:45,8
DA:46,4
DA:47,4
DA:50,1
DA:53,8
DA:54,0
DA:56,16
DA:57,8
DA:58,8
DA:62,1
DA:63,0
DA:64,0
DA:66,0
DA:67,0
DA:69,0
DA:76,1
DA:77,0
DA:80,1
DA:81,1
DA:82,0
DA:84,3
DA:85,1
DA:89,1
DA:90,0
DA:93,1
DA:94,1
DA:95,0
DA:98,1
DA:101,1
DA:102,4
DA:103,4
DA:104,4
DA:106,1
DA:107,1
DA:110,1
LF:59
LH:48
BRDA:42,0,0,0
BRDA:42,0,1,4
BRDA:53,1,0,0
BRDA:53,1,1,8
BRDA:63,2,0,0
BRDA:63,2,1,0
BRDA:81,3,0,0
BRDA:81,3,1,1
BRDA:94,4,0,0
BRDA:94,4,1,1
BRDA:102,5,0,4
BRDA:102,5,1,0
BRF:12
BRH:5
end_of_record
