TN:
SF:bin/egg.js
FN:15,(anonymous_0)
FN:40,(anonymous_1)
FNF:2
FNH:2
FNDA:5,(anonymous_0)
FNDA:1,(anonymous_1)
DA:2,1
DA:3,1
DA:4,1
DA:5,1
DA:6,1
DA:7,1
DA:15,1
DA:16,5
DA:30,5
DA:31,5
DA:34,1
DA:41,1
DA:42,0
DA:43,0
DA:44,0
DA:46,1
DA:47,0
DA:50,1
DA:53,1
DA:56,1
LF:20
LH:16
BRDA:41,0,0,0
BRDA:41,0,1,1
BRDA:41,1,0,1
BRDA:41,1,1,0
BRDA:46,2,0,0
BRDA:46,2,1,1
BRF:6
BRH:3
end_of_record
TN:
SF:lib/ast.js
FN:2,(anonymous_0)
FN:8,(anonymous_1)
FN:12,(anonymous_2)
FN:16,(anonymous_3)
FN:20,(anonymous_4)
FN:24,(anonymous_5)
FN:34,(anonymous_6)
FN:39,(anonymous_7)
FN:47,(anonymous_8)
FN:51,(anonymous_9)
FN:61,(anonymous_10)
FN:70,(anonymous_11)
FN:76,(anonymous_12)
FN:83,(anonymous_13)
FN:93,(anonymous_14)
FN:102,(anonymous_15)
FN:112,(anonymous_16)
FN:123,(anonymous_17)
FN:135,(anonymous_18)
FN:142,(anonymous_19)
FN:148,(anonymous_20)
FN:157,(anonymous_21)
FN:164,(anonymous_22)
FN:175,(anonymous_23)
FN:181,(anonymous_24)
FN:188,(anonymous_25)
FN:192,(anonymous_26)
FN:193,(anonymous_27)
FNF:28
FNH:20
FNDA:0,(anonymous_0)
FNDA:395,(anonymous_1)
FNDA:358,(anonymous_2)
FNDA:0,(anonymous_3)
FNDA:23,(anonymous_4)
FNDA:12,(anonymous_5)
FNDA:706,(anonymous_6)
FNDA:421,(anonymous_7)
FNDA:0,(anonymous_8)
FNDA:16,(anonymous_9)
FNDA:19,(anonymous_10)
FNDA:496,(anonymous_11)
FNDA:467,(anonymous_12)
FNDA:393,(anonymous_13)
FNDA:0,(anonymous_14)
FNDA:25,(anonymous_15)
FNDA:1,(anonymous_16)
FNDA:0,(anonymous_17)
FNDA:0,(anonymous_18)
FNDA:123,(anonymous_19)
FNDA:101,(anonymous_20)
FNDA:97,(anonymous_21)
FNDA:90,(anonymous_22)
FNDA:6,(anonymous_23)
FNDA:22,(anonymous_24)
FNDA:24,(anonymous_25)
FNDA:0,(anonymous_26)
FNDA:0,(anonymous_27)
DA:1,1
DA:2,1
DA:4,1
DA:5,1
DA:6,1
DA:9,395
DA:10,395
DA:13,358
DA:17,0
DA:21,23
DA:25,12
DA:26,12
DA:28,0
DA:35,706
DA:36,706
DA:40,421
DA:41,421
DA:43,0
DA:48,0
DA:52,16
DA:53,16
DA:54,22
DA:55,16
DA:58,0
DA:62,19
DA:63,19
DA:64,19
DA:71,496
DA:72,496
DA:73,496
DA:77,467
DA:78,199
DA:81,268
DA:82,268
DA:83,393
DA:84,267
DA:85,267
DA:89,1
DA:99,0
DA:103,25
DA:105,25
DA:106,24
DA:109,1
DA:111,1
DA:112,1
DA:113,1
DA:116,0
DA:117,0
DA:118,0
DA:119,0
DA:120,0
DA:122,0
DA:123,0
DA:124,0
DA:128,0
DA:130,0
DA:131,0
DA:134,0
DA:135,0
DA:136,0
DA:143,123
DA:144,123
DA:145,123
DA:149,101
DA:151,4
DA:152,4
DA:153,4
DA:156,97
DA:157,97
DA:158,97
DA:160,97
DA:163,90
DA:164,90
DA:165,90
DA:166,90
DA:167,90
DA:168,90
DA:169,50
DA:172,90
DA:173,7
DA:175,6
DA:177,1
DA:184,22
DA:185,22
DA:186,0
DA:188,24
DA:189,22
DA:193,0
DA:197,1
LF:89
LH:67
BRDA:25,0,0,12
BRDA:25,0,1,0
BRDA:35,1,0,706
BRDA:35,1,1,0
BRDA:40,2,0,421
BRDA:40,2,1,0
BRDA:54,3,0,16
BRDA:54,3,1,6
BRDA:77,4,0,199
BRDA:77,4,1,268
BRDA:77,5,0,467
BRDA:77,5,1,419
BRDA:84,6,0,267
BRDA:84,6,1,0
BRDA:103,7,0,25
BRDA:103,7,1,0
BRDA:105,8,0,24
BRDA:105,8,1,1
BRDA:111,9,0,1
BRDA:111,9,1,0
BRDA:111,10,0,1
BRDA:111,10,1,1
BRDA:116,11,0,0
BRDA:116,11,1,0
BRDA:116,12,0,0
BRDA:116,12,1,0
BRDA:117,13,0,0
BRDA:117,13,1,0
BRDA:134,14,0,0
BRDA:134,14,1,0
BRDA:149,15,0,4
BRDA:149,15,1,97
BRDA:149,16,0,101
BRDA:149,16,1,78
BRDA:160,17,0,90
BRDA:160,17,1,7
BRDA:160,18,0,97
BRDA:160,18,1,14
BRDA:168,19,0,50
BRDA:168,19,1,40
BRDA:173,20,0,6
BRDA:173,20,1,1
BRDA:185,21,0,0
BRDA:185,21,1,22
BRF:44
BRH:29
end_of_record
TN:
SF:lib/egg-require.js
FN:2,(anonymous_0)
FN:4,(anonymous_1)
FN:13,REQUIRE
FNF:3
FNH:2
FNDA:1,(anonymous_0)
FNDA:0,(anonymous_1)
FNDA:2,REQUIRE
DA:1,1
DA:2,1
DA:3,1
DA:4,1
DA:5,1
DA:6,1
DA:7,1
DA:9,1
DA:10,1
DA:14,2
DA:15,2
DA:16,1
DA:19,1
DA:20,1
DA:21,1
DA:22,1
DA:23,1
DA:24,1
DA:25,1
DA:27,1
DA:29,1
DA:31,1
LF:22
LH:22
BRDA:15,0,0,1
BRDA:15,0,1,1
BRF:2
BRH:2
end_of_record
TN:
SF:lib/eggvm.js
FN:2,(anonymous_0)
FN:17,evaluate
FN:21,(anonymous_2)
FN:33,(anonymous_3)
FN:44,(anonymous_4)
FN:47,(anonymous_5)
FN:54,(anonymous_6)
FN:64,(anonymous_7)
FN:69,name
FN:80,(anonymous_9)
FN:97,(anonymous_10)
FN:119,(anonymous_11)
FN:138,(anonymous_12)
FN:146,(anonymous_13)
FN:167,(anonymous_14)
FN:183,(anonymous_15)
FN:195,(anonymous_16)
FN:199,(anonymous_17)
FN:200,(anonymous_18)
FN:214,(anonymous_19)
FN:219,(anonymous_20)
FN:223,(anonymous_21)
FN:236,(anonymous_22)
FN:247,(anonymous_23)
FN:258,(anonymous_24)
FN:277,run
FN:284,runFromFile
FN:298,runFromEVM
FN:311,compileToJS
FN:313,(anonymous_29)
FN:319,(anonymous_30)
FNF:31
FNH:23
FNDA:0,(anonymous_0)
FNDA:0,evaluate
FNDA:2,(anonymous_2)
FNDA:1,(anonymous_3)
FNDA:58,(anonymous_4)
FNDA:220,(anonymous_5)
FNDA:63,(anonymous_6)
FNDA:25,(anonymous_7)
FNDA:12,name
FNDA:30,(anonymous_9)
FNDA:38,(anonymous_10)
FNDA:6,(anonymous_11)
FNDA:4,(anonymous_12)
FNDA:0,(anonymous_13)
FNDA:0,(anonymous_14)
FNDA:5,(anonymous_15)
FNDA:5,(anonymous_16)
FNDA:119,(anonymous_17)
FNDA:119,(anonymous_18)
FNDA:21,(anonymous_19)
FNDA:5,(anonymous_20)
FNDA:11,(anonymous_21)
FNDA:0,(anonymous_22)
FNDA:0,(anonymous_23)
FNDA:19,(anonymous_24)
FNDA:50,run
FNDA:0,runFromFile
FNDA:0,runFromEVM
FNDA:5,compileToJS
FNDA:180,(anonymous_29)
FNDA:5,(anonymous_30)
DA:1,1
DA:2,1
DA:3,1
DA:5,1
DA:6,1
DA:7,1
DA:8,1
DA:10,1
DA:11,1
DA:13,1
DA:14,1
DA:18,0
DA:21,1
DA:22,2
DA:23,0
DA:26,2
DA:27,2
DA:29,0
DA:33,1
DA:34,1
DA:35,1
DA:36,1
DA:38,1
DA:39,4
DA:41,1
DA:44,1
DA:47,58
DA:48,220
DA:51,57
DA:54,1
DA:55,63
DA:56,0
DA:59,63
DA:60,63
DA:61,63
DA:64,1
DA:65,25
DA:66,0
DA:70,12
DA:71,0
DA:74,12
DA:77,25
DA:78,25
DA:80,25
DA:81,30
DA:82,0
DA:85,30
DA:86,30
DA:87,13
DA:90,30
DA:92,25
DA:93,25
DA:94,25
DA:97,1
DA:98,38
DA:99,0
DA:102,38
DA:103,38
DA:105,38
DA:106,38
DA:108,38
DA:109,38
DA:110,2
DA:111,2
DA:113,38
DA:114,38
DA:116,38
DA:119,1
DA:120,6
DA:121,0
DA:124,6
DA:125,6
DA:126,6
DA:130,6
DA:131,23
DA:132,23
DA:133,23
DA:135,6
DA:138,1
DA:139,4
DA:140,0
DA:142,4
DA:143,4
DA:146,1
DA:147,0
DA:150,1
DA:152,1
DA:153,1
DA:154,1
DA:155,1
DA:157,1
DA:158,1
DA:159,1
DA:160,1
DA:161,1
DA:162,1
DA:163,1
DA:164,1
DA:167,1
DA:168,1
DA:171,1
DA:174,1
DA:177,1
DA:185,5
DA:189,1
DA:196,5
DA:199,1
DA:200,119
DA:201,119
DA:202,108
DA:203,3
DA:204,3
DA:206,105
DA:207,105
DA:210,119
DA:211,119
DA:214,1
DA:216,21
DA:219,1
DA:220,5
DA:223,1
DA:224,11
DA:225,11
DA:226,11
DA:227,11
DA:228,16
DA:230,11
DA:233,1
DA:234,1
DA:236,1
DA:237,0
DA:238,0
DA:240,0
DA:241,0
DA:244,0
DA:247,1
DA:248,0
DA:249,0
DA:251,0
DA:252,0
DA:255,0
DA:258,1
DA:259,19
DA:261,19
DA:262,19
DA:263,19
DA:264,21
DA:265,21
DA:267,19
DA:268,0
DA:270,19
DA:273,0
DA:278,50
DA:279,50
DA:280,50
DA:281,50
DA:285,0
DA:286,0
DA:287,0
DA:288,0
DA:289,0
DA:291,0
DA:294,0
DA:299,0
DA:300,0
DA:301,0
DA:302,0
DA:303,0
DA:304,0
DA:307,0
DA:312,5
DA:313,5
DA:314,180
DA:317,5
DA:319,5
DA:323,5
DA:324,5
DA:325,5
DA:326,5
DA:327,5
DA:328,5
DA:331,0
DA:332,0
DA:335,1
LF:184
LH:145
BRDA:22,0,0,0
BRDA:22,0,1,2
BRDA:26,1,0,2
BRDA:26,1,1,0
BRDA:34,2,0,0
BRDA:34,2,1,1
BRDA:55,3,0,0
BRDA:55,3,1,63
BRDA:55,4,0,63
BRDA:55,4,1,63
BRDA:65,5,0,0
BRDA:65,5,1,25
BRDA:70,6,0,0
BRDA:70,6,1,12
BRDA:81,7,0,0
BRDA:81,7,1,30
BRDA:98,8,0,0
BRDA:98,8,1,38
BRDA:120,9,0,0
BRDA:120,9,1,6
BRDA:131,10,0,23
BRDA:131,10,1,0
BRDA:139,11,0,0
BRDA:139,11,1,4
BRDA:201,12,0,11
BRDA:201,12,1,108
BRDA:202,13,0,3
BRDA:202,13,1,105
BRDA:206,14,0,0
BRDA:206,14,1,105
BRDA:211,15,0,119
BRDA:211,15,1,0
BRDA:224,16,0,0
BRDA:224,16,1,11
BRDA:237,17,0,0
BRDA:237,17,1,0
BRDA:248,18,0,0
BRDA:248,18,1,0
BRDA:259,19,0,0
BRDA:259,19,1,19
BRDA:264,20,0,0
BRDA:264,20,1,21
BRDA:267,21,0,0
BRDA:267,21,1,19
BRDA:267,22,0,19
BRDA:267,22,1,19
BRDA:319,23,0,4
BRDA:319,23,1,1
BRF:48
BRH:27
end_of_record
TN:
SF:lib/j2a.js
FN:4,(anonymous_0)
FN:11,(anonymous_1)
FN:12,(anonymous_2)
FN:13,(anonymous_3)
FN:22,(anonymous_4)
FNF:5
FNH:5
FNDA:395,(anonymous_0)
FNDA:706,(anonymous_1)
FNDA:467,(anonymous_2)
FNDA:919,(anonymous_3)
FNDA:123,(anonymous_4)
DA:1,1
DA:2,1
DA:4,1
DA:5,395
DA:6,395
DA:7,6
DA:9,395
DA:11,706
DA:12,1
DA:13,919
DA:14,467
DA:15,467
DA:16,467
DA:17,467
DA:18,467
DA:19,467
DA:22,1
DA:23,123
DA:28,123
DA:29,123
DA:32,1
LF:21
LH:21
BRDA:6,0,0,6
BRDA:6,0,1,389
BRF:2
BRH:2
end_of_record
TN:
SF:lib/monkey-patch.js
FN:4,(anonymous_0)
FN:5,(anonymous_1)
FN:6,(anonymous_2)
FN:7,(anonymous_3)
FN:10,(anonymous_4)
FN:11,(anonymous_5)
FNF:6
FNH:6
FNDA:5,(anonymous_0)
FNDA:2,(anonymous_1)
FNDA:2,(anonymous_2)
FNDA:2,(anonymous_3)
FNDA:4,(anonymous_4)
FNDA:5,(anonymous_5)
DA:1,1
DA:3,1
DA:4,5
DA:5,2
DA:6,2
DA:7,2
DA:10,1
DA:11,4
DA:12,5
DA:13,5
DA:14,5
DA:15,11
DA:17,5
DA:19,0
LF:14
LH:13
BRF:0
BRH:0
end_of_record
TN:
SF:lib/registry.js
FN:2,(anonymous_0)
FN:8,json2AST
FN:16,checkNegativeIndex
FNF:3
FNH:2
FNDA:0,(anonymous_0)
FNDA:1686,json2AST
FNDA:227,checkNegativeIndex
DA:1,1
DA:2,1
DA:3,1
DA:4,1
DA:7,1
DA:9,1686
DA:10,1686
DA:11,1686
DA:13,0
DA:17,227
DA:18,1
DA:20,227
DA:23,1
LF:13
LH:12
BRDA:9,0,0,1686
BRDA:9,0,1,0
BRDA:9,1,0,1686
BRDA:9,1,1,1686
BRDA:9,1,2,1686
BRDA:17,2,0,1
BRDA:17,2,1,226
BRDA:17,3,0,227
BRDA:17,3,1,38
BRF:9
BRH:8
end_of_record
TN:
SF:lib/runtime-support.js
FN:2,(anonymous_0)
FNF:1
FNH:1
FNDA:5,(anonymous_0)
DA:1,1
DA:3,5
DA:4,5
DA:8,1
LF:4
LH:4
BRF:0
BRH:0
end_of_record
TN:
SF:lib/scope.js
FN:1,setAsUsed
FN:9,setAsDeclared
FN:17,checkDeclarationsIn
FN:18,(anonymous_3)
FNF:4
FNH:4
FNDA:21,setAsUsed
FNDA:7,setAsDeclared
FNDA:5,checkDeclarationsIn
FNDA:6,(anonymous_3)
DA:2,21
DA:3,7
DA:5,21
DA:6,21
DA:10,7
DA:11,0
DA:13,7
DA:14,7
DA:18,5
DA:19,6
DA:21,0
DA:28,1
LF:12
LH:10
BRDA:2,0,0,7
BRDA:2,0,1,14
BRDA:10,1,0,0
BRDA:10,1,1,7
BRDA:19,2,0,0
BRDA:19,2,1,6
BRDA:21,3,0,0
BRDA:21,3,1,0
BRF:8
BRH:4
end_of_record
TN:
SF:lib/translations.js
FN:6,(anonymous_0)
FN:7,(anonymous_1)
FN:8,(anonymous_2)
FN:13,(anonymous_3)
FN:14,(anonymous_4)
FN:18,(anonymous_5)
FN:19,(anonymous_6)
FN:21,(anonymous_7)
FN:31,(anonymous_8)
FN:34,(anonymous_9)
FN:40,(anonymous_10)
FN:44,(anonymous_11)
FN:51,(anonymous_12)
FN:55,(anonymous_13)
FN:61,(anonymous_14)
FN:65,(anonymous_15)
FN:75,(anonymous_16)
FN:79,(anonymous_17)
FN:83,(anonymous_18)
FNF:19
FNH:16
FNDA:9,(anonymous_0)
FNDA:4,(anonymous_1)
FNDA:8,(anonymous_2)
FNDA:5,(anonymous_3)
FNDA:5,(anonymous_4)
FNDA:4,(anonymous_5)
FNDA:13,(anonymous_6)
FNDA:4,(anonymous_7)
FNDA:1,(anonymous_8)
FNDA:1,(anonymous_9)
FNDA:2,(anonymous_10)
FNDA:4,(anonymous_11)
FNDA:7,(anonymous_12)
FNDA:14,(anonymous_13)
FNDA:0,(anonymous_14)
FNDA:0,(anonymous_15)
FNDA:0,(anonymous_16)
FNDA:1,(anonymous_17)
FNDA:3,(anonymous_18)
DA:1,1
DA:3,1
DA:6,1
DA:7,9
DA:8,8
DA:9,4
DA:13,1
DA:14,5
DA:15,5
DA:18,1
DA:19,13
DA:20,4
DA:21,4
DA:22,4
DA:27,4
DA:28,4
DA:31,1
DA:32,1
DA:33,1
DA:34,1
DA:35,1
DA:40,1
DA:41,2
DA:42,0
DA:44,4
DA:45,2
DA:46,2
DA:49,1
DA:52,7
DA:53,0
DA:55,14
DA:56,7
DA:57,7
DA:61,1
DA:62,0
DA:63,0
DA:65,0
DA:66,0
DA:68,0
DA:75,1
DA:76,0
DA:79,1
DA:80,1
DA:81,0
DA:83,3
DA:84,1
DA:88,1
LF:47
LH:38
BRDA:41,0,0,0
BRDA:41,0,1,2
BRDA:52,1,0,0
BRDA:52,1,1,7
BRDA:62,2,0,0
BRDA:62,2,1,0
BRDA:80,3,0,0
BRDA:80,3,1,1
BRF:8
BRH:3
end_of_record
